<?xml version="1.0" encoding="UTF-8" ?>
<testsuite tests="20" failures="0" name="io.michaelcane.TestCalculatorSpec" time="0.001" errors="0" skipped="0">
  <properties>
    <property name="java.runtime.name" value="OpenJDK Runtime Environment"/>
    <property name="java.vm.version" value="17.0.1+1"/>
    <property name="sun.boot.library.path" value="/opt/homebrew/Cellar/openjdk/17.0.1_1/libexec/openjdk.jdk/Contents/Home/lib"/>
    <property name="maven.multiModuleProjectDirectory" value="/Users/sreevenkkovvuri/Desktop/SEM2/QM_ASSIGNMENT3"/>
    <property name="java.vm.vendor" value="Homebrew"/>
    <property name="java.vendor.url" value="https://github.com/Homebrew/homebrew-core/issues"/>
    <property name="guice.disable.misplaced.annotation.check" value="true"/>
    <property name="path.separator" value=":"/>
    <property name="java.vm.name" value="OpenJDK 64-Bit Server VM"/>
    <property name="user.country" value="US"/>
    <property name="sun.java.launcher" value="SUN_STANDARD"/>
    <property name="java.vm.specification.name" value="Java Virtual Machine Specification"/>
    <property name="user.dir" value="/Users/sreevenkkovvuri/Desktop/SEM2/QM_ASSIGNMENT3"/>
    <property name="java.vm.compressedOopsMode" value="Zero based"/>
    <property name="java.runtime.version" value="17.0.1+1"/>
    <property name="os.arch" value="aarch64"/>
    <property name="java.io.tmpdir" value="/var/folders/nv/zgsgpw596q30qsz214g_5lnm0000gn/T/"/>
    <property name="line.separator" value="
"/>
    <property name="java.vm.specification.vendor" value="Oracle Corporation"/>
    <property name="os.name" value="Mac OS X"/>
    <property name="classworlds.conf" value="/opt/homebrew/Cellar/maven/3.8.4/libexec/bin/m2.conf"/>
    <property name="sun.jnu.encoding" value="UTF-8"/>
    <property name="java.library.path" value="/Users/sreevenkkovvuri/Library/Java/Extensions:/Library/Java/Extensions:/Network/Library/Java/Extensions:/System/Library/Java/Extensions:/usr/lib/java:."/>
    <property name="maven.conf" value="/opt/homebrew/Cellar/maven/3.8.4/libexec/conf"/>
    <property name="jdk.debug" value="release"/>
    <property name="java.class.version" value="61.0"/>
    <property name="java.specification.name" value="Java Platform API Specification"/>
    <property name="sun.management.compiler" value="HotSpot 64-Bit Tiered Compilers"/>
    <property name="os.version" value="12.3"/>
    <property name="library.jansi.path" value="/opt/homebrew/Cellar/maven/3.8.4/libexec/lib/jansi-native"/>
    <property name="http.nonProxyHosts" value="local|*.local|169.254/16|*.169.254/16"/>
    <property name="user.home" value="/Users/sreevenkkovvuri"/>
    <property name="user.timezone" value="America/New_York"/>
    <property name="file.encoding" value="UTF-8"/>
    <property name="java.specification.version" value="17"/>
    <property name="user.name" value="sreevenkkovvuri"/>
    <property name="java.class.path" value="/opt/homebrew/Cellar/maven/3.8.4/libexec/boot/plexus-classworlds-2.6.0.jar"/>
    <property name="java.vm.specification.version" value="17"/>
    <property name="sun.arch.data.model" value="64"/>
    <property name="sun.java.command" value="org.codehaus.plexus.classworlds.launcher.Launcher clean install checkstyle:checkstyle pmd:pmd findbugs:findbugs"/>
    <property name="java.home" value="/opt/homebrew/Cellar/openjdk/17.0.1_1/libexec/openjdk.jdk/Contents/Home"/>
    <property name="user.language" value="en"/>
    <property name="java.specification.vendor" value="Oracle Corporation"/>
    <property name="java.vm.info" value="mixed mode, sharing"/>
    <property name="java.version" value="17.0.1"/>
    <property name="native.encoding" value="UTF-8"/>
    <property name="java.vendor" value="Homebrew"/>
    <property name="sun.stderr.encoding" value="UTF-8"/>
    <property name="maven.home" value="/opt/homebrew/Cellar/maven/3.8.4/libexec"/>
    <property name="file.separator" value="/"/>
    <property name="java.version.date" value="2021-10-19"/>
    <property name="java.vendor.url.bug" value="https://github.com/Homebrew/homebrew-core/issues"/>
    <property name="sun.io.unicode.encoding" value="UnicodeBig"/>
    <property name="sun.cpu.endian" value="little"/>
    <property name="java.vendor.version" value="Homebrew"/>
    <property name="sun.stdout.encoding" value="UTF-8"/>
    <property name="socksNonProxyHosts" value="local|*.local|169.254/16|*.169.254/16"/>
    <property name="ftp.nonProxyHosts" value="local|*.local|169.254/16|*.169.254/16"/>
  </properties>
  <testcase classname="io.michaelcane.TestCalculatorSpec" name="test$inverseTangent" time="0"/>
  <testcase classname="io.michaelcane.TestCalculatorSpec" name="test$divide" time="0"/>
  <testcase classname="io.michaelcane.TestCalculatorSpec" name="test$multiply" time="0"/>
  <testcase classname="io.michaelcane.TestCalculatorSpec" name="test$cube" time="0"/>
  <testcase classname="io.michaelcane.TestCalculatorSpec" name="test$sin" time="0"/>
  <testcase classname="io.michaelcane.TestCalculatorSpec" name="test$sum" time="0"/>
  <testcase classname="io.michaelcane.TestCalculatorSpec" name="test$inverseCosin" time="0"/>
  <testcase classname="io.michaelcane.TestCalculatorSpec" name="test$square" time="0"/>
  <testcase classname="io.michaelcane.TestCalculatorSpec" name="test$invertPositiveAndNegative" time="0"/>
  <testcase classname="io.michaelcane.TestCalculatorSpec" name="test$squareRoot" time="0"/>
  <testcase classname="io.michaelcane.TestCalculatorSpec" name="test$inverseLogarithm" time="0"/>
  <testcase classname="io.michaelcane.TestCalculatorSpec" name="test$inverseSine" time="0"/>
  <testcase classname="io.michaelcane.TestCalculatorSpec" name="test$cosin" time="0"/>
  <testcase classname="io.michaelcane.TestCalculatorSpec" name="test$naturalLogarithm" time="0"/>
  <testcase classname="io.michaelcane.TestCalculatorSpec" name="test$logarithm" time="0"/>
  <testcase classname="io.michaelcane.TestCalculatorSpec" name="test$subract" time="0.001"/>
  <testcase classname="io.michaelcane.TestCalculatorSpec" name="test$variableExponentiation" time="0"/>
  <testcase classname="io.michaelcane.TestCalculatorSpec" name="test$tangent" time="0"/>
  <testcase classname="io.michaelcane.TestCalculatorSpec" name="test$inverseNaturalLog" time="0"/>
  <testcase classname="io.michaelcane.TestCalculatorSpec" name="test$factorial" time="0"/>
</testsuite>